[debug] [2023-07-12T09:43:13.813Z] ----------------------------------------------------------------------
[debug] [2023-07-12T09:43:13.814Z] Command:       /home/amit/.nvm/versions/node/v18.0.0/bin/node /home/amit/.nvm/versions/node/v18.0.0/bin/firebase login
[debug] [2023-07-12T09:43:13.814Z] CLI Version:   12.4.2
[debug] [2023-07-12T09:43:13.814Z] Platform:      linux
[debug] [2023-07-12T09:43:13.814Z] Node Version:  v18.0.0
[debug] [2023-07-12T09:43:13.814Z] Time:          Wed Jul 12 2023 15:13:13 GMT+0530 (India Standard Time)
[debug] [2023-07-12T09:43:13.814Z] ----------------------------------------------------------------------
[debug] 
[debug] [2023-07-12T09:43:13.816Z] >>> [apiv2][query] GET https://firebase-public.firebaseio.com/cli.json [none]
[info] i  Firebase optionally collects CLI and Emulator Suite usage and error reporting information to help improve our products. Data is collected in accordance with Google's privacy policy (https://policies.google.com/privacy) and is not used to identify you.
 
[info] i  To change your data collection preference at any time, run `firebase logout` and log in again. 
[info] 
[info] Visit this URL on this device to log in:
[info] https://accounts.google.com/o/oauth2/auth?client_id=563584335869-fgrhgmd47bqnekij5i8b5pr03ho849e6.apps.googleusercontent.com&scope=email%20openid%20https%3A%2F%2Fwww.googleapis.com%2Fauth%2Fcloudplatformprojects.readonly%20https%3A%2F%2Fwww.googleapis.com%2Fauth%2Ffirebase%20https%3A%2F%2Fwww.googleapis.com%2Fauth%2Fcloud-platform&response_type=code&state=363716017&redirect_uri=http%3A%2F%2Flocalhost%3A9005
[info] 
[info] Waiting for authentication...
[debug] [2023-07-12T09:43:30.437Z] >>> [apiv2][query] POST https://accounts.google.com/o/oauth2/token [none]
[debug] [2023-07-12T09:43:30.437Z] >>> [apiv2][body] POST https://accounts.google.com/o/oauth2/token [omitted]
[warn] ⚠  Unable to fetch the CLI MOTD and remote config. 
[debug] [2023-07-12T09:45:24.919Z] Failed to fetch MOTD FirebaseError: Failed to make request to https://firebase-public.firebaseio.com/cli.json
[debug] [2023-07-12T09:45:41.299Z] Token Fetch Error: FirebaseError: Failed to make request to https://accounts.google.com/o/oauth2/token
    at RetryOperation._fn (/home/amit/.nvm/versions/node/v18.0.0/lib/node_modules/firebase-tools/lib/apiv2.js:242:31)
    at process.processTicksAndRejections (node:internal/process/task_queues:95:5)
[debug] [2023-07-12T09:45:41.308Z] >>> [apiv2][query] POST https://auth.firebase.tools/attest [none]
[debug] [2023-07-12T09:45:41.308Z] >>> [apiv2][body] POST https://auth.firebase.tools/attest {"session_id":"8a96b81f-8ff7-4a9c-9464-4fda3cf3ec6d"}
[debug] [2023-07-12T09:46:21.477Z] ----------------------------------------------------------------------
[debug] [2023-07-12T09:46:21.478Z] Command:       /home/amit/.nvm/versions/node/v18.0.0/bin/node /home/amit/.nvm/versions/node/v18.0.0/bin/firebase login
[debug] [2023-07-12T09:46:21.478Z] CLI Version:   12.4.2
[debug] [2023-07-12T09:46:21.478Z] Platform:      linux
[debug] [2023-07-12T09:46:21.478Z] Node Version:  v18.0.0
[debug] [2023-07-12T09:46:21.479Z] Time:          Wed Jul 12 2023 15:16:21 GMT+0530 (India Standard Time)
[debug] [2023-07-12T09:46:21.479Z] ----------------------------------------------------------------------
[debug] 
[debug] [2023-07-12T09:46:21.480Z] >>> [apiv2][query] GET https://firebase-public.firebaseio.com/cli.json [none]
[info] i  Firebase optionally collects CLI and Emulator Suite usage and error reporting information to help improve our products. Data is collected in accordance with Google's privacy policy (https://policies.google.com/privacy) and is not used to identify you.
 
[info] i  To change your data collection preference at any time, run `firebase logout` and log in again. 
[info] 
[info] Visit this URL on this device to log in:
[info] https://accounts.google.com/o/oauth2/auth?client_id=563584335869-fgrhgmd47bqnekij5i8b5pr03ho849e6.apps.googleusercontent.com&scope=email%20openid%20https%3A%2F%2Fwww.googleapis.com%2Fauth%2Fcloudplatformprojects.readonly%20https%3A%2F%2Fwww.googleapis.com%2Fauth%2Ffirebase%20https%3A%2F%2Fwww.googleapis.com%2Fauth%2Fcloud-platform&response_type=code&state=475497654&redirect_uri=http%3A%2F%2Flocalhost%3A9005
[info] 
[info] Waiting for authentication...
[debug] [2023-07-12T09:46:29.625Z] >>> [apiv2][query] POST https://accounts.google.com/o/oauth2/token [none]
[debug] [2023-07-12T09:46:29.626Z] >>> [apiv2][body] POST https://accounts.google.com/o/oauth2/token [omitted]
[warn] ⚠  Unable to fetch the CLI MOTD and remote config. 
[debug] [2023-07-12T09:48:31.291Z] Failed to fetch MOTD FirebaseError: Failed to make request to https://firebase-public.firebaseio.com/cli.json
[debug] [2023-07-12T09:48:39.475Z] Token Fetch Error: FirebaseError: Failed to make request to https://accounts.google.com/o/oauth2/token
    at RetryOperation._fn (/home/amit/.nvm/versions/node/v18.0.0/lib/node_modules/firebase-tools/lib/apiv2.js:242:31)
    at process.processTicksAndRejections (node:internal/process/task_queues:95:5)
[debug] [2023-07-12T09:48:39.482Z] >>> [apiv2][query] POST https://auth.firebase.tools/attest [none]
[debug] [2023-07-12T09:48:39.482Z] >>> [apiv2][body] POST https://auth.firebase.tools/attest {"session_id":"8cf98122-3f99-4346-b3de-e247d954c932"}
